2013/11/12 16:21:49 [error] [php] mkdir(): Permission denied (/vagrant/yii_install/framework/utils/CFileHelper.php:307)
Stack trace:
#0 /vagrant/yii_install/framework/utils/CFileHelper.php(157): copyDirectoryRecursive()
#1 /vagrant/yii_install/framework/utils/CFileHelper.php(63): copyDirectoryRecursive()
#2 /vagrant/yii_install/framework/web/CAssetManager.php(251): copyDirectory()
#3 /vagrant/yii_install/framework/web/CClientScript.php(510): CAssetManager->publish()
#4 /vagrant/yii_install/framework/web/CClientScript.php(547): CClientScript->getCoreScriptUrl()
#5 /vagrant/yii_install/framework/web/CClientScript.php(348): CClientScript->getPackageBaseUrl()
#6 /vagrant/yii_install/framework/web/CClientScript.php(208): CClientScript->renderCoreScripts()
#7 /vagrant/yii_install/framework/web/CController.php(351): CClientScript->render()
#8 /vagrant/yii_install/framework/web/CController.php(788): SiteController->processOutput()
#9 /vagrant/yii/helloworld/protected/controllers/SiteController.php(72): SiteController->render()
#10 /vagrant/yii_install/framework/web/actions/CInlineAction.php(49): SiteController->actionContact()
#11 /vagrant/yii_install/framework/web/CController.php(308): CInlineAction->runWithParams()
#12 /vagrant/yii_install/framework/web/CController.php(286): SiteController->runAction()
#13 /vagrant/yii_install/framework/web/CController.php(265): SiteController->runActionWithFilters()
#14 /vagrant/yii_install/framework/web/CWebApplication.php(282): SiteController->run()
#15 /vagrant/yii_install/framework/web/CWebApplication.php(141): CWebApplication->runController()
#16 /vagrant/yii_install/framework/base/CApplication.php(180): CWebApplication->processRequest()
#17 /vagrant/yii/helloworld/index.php(13): CWebApplication->run()
REQUEST_URI=/yii/helloworld/index.php?r=site/contact
in /vagrant/yii/helloworld/protected/controllers/SiteController.php (72)
in /vagrant/yii/helloworld/index.php (13)
2013/11/12 16:37:34 [error] [exception.CHttpException.403] exception 'CHttpException' with message 'You are not allowed to access this page.' in /vagrant/yii_install/framework/gii/GiiModule.php:170
Stack trace:
#0 /vagrant/yii_install/framework/web/CController.php(263): GiiModule->beforeControllerAction(Object(DefaultController), Object(CInlineAction))
#1 /vagrant/yii_install/framework/web/CWebApplication.php(282): CController->run('')
#2 /vagrant/yii_install/framework/web/CWebApplication.php(141): CWebApplication->runController('gii')
#3 /vagrant/yii_install/framework/base/CApplication.php(180): CWebApplication->processRequest()
#4 /vagrant/yii/helloworld/index.php(13): CApplication->run()
#5 {main}
REQUEST_URI=/yii/helloworld/index.php?r=gii
---
2013/11/12 16:37:36 [error] [exception.CHttpException.403] exception 'CHttpException' with message 'You are not allowed to access this page.' in /vagrant/yii_install/framework/gii/GiiModule.php:170
Stack trace:
#0 /vagrant/yii_install/framework/web/CController.php(263): GiiModule->beforeControllerAction(Object(DefaultController), Object(CInlineAction))
#1 /vagrant/yii_install/framework/web/CWebApplication.php(282): CController->run('')
#2 /vagrant/yii_install/framework/web/CWebApplication.php(141): CWebApplication->runController('gii')
#3 /vagrant/yii_install/framework/base/CApplication.php(180): CWebApplication->processRequest()
#4 /vagrant/yii/helloworld/index.php(13): CApplication->run()
#5 {main}
REQUEST_URI=/yii/helloworld/index.php?r=gii
---
2013/11/12 16:39:08 [error] [exception.CHttpException.403] exception 'CHttpException' with message 'You are not allowed to access this page.' in /vagrant/yii_install/framework/gii/GiiModule.php:170
Stack trace:
#0 /vagrant/yii_install/framework/web/CController.php(263): GiiModule->beforeControllerAction(Object(DefaultController), Object(CInlineAction))
#1 /vagrant/yii_install/framework/web/CWebApplication.php(282): CController->run('')
#2 /vagrant/yii_install/framework/web/CWebApplication.php(141): CWebApplication->runController('gii')
#3 /vagrant/yii_install/framework/base/CApplication.php(180): CWebApplication->processRequest()
#4 /vagrant/yii/helloworld/index.php(13): CApplication->run()
#5 {main}
REQUEST_URI=/yii/helloworld/index.php?r=gii
---
2013/11/12 16:43:02 [error] [exception.CHttpException.404] exception 'CHttpException' with message 'Unable to resolve the request "gii".' in /vagrant/yii_install/framework/web/CWebApplication.php:286
Stack trace:
#0 /vagrant/yii_install/framework/web/CWebApplication.php(141): CWebApplication->runController('gii')
#1 /vagrant/yii_install/framework/base/CApplication.php(180): CWebApplication->processRequest()
#2 /vagrant/yii/helloworld/index.php(13): CApplication->run()
#3 {main}
REQUEST_URI=/yii/helloworld/index.php?r=gii
---
2013/11/12 16:43:35 [error] [php] mkdir(): Permission denied (/vagrant/yii_install/framework/utils/CFileHelper.php:307)
Stack trace:
#0 /vagrant/yii_install/framework/utils/CFileHelper.php(157): copyDirectoryRecursive()
#1 /vagrant/yii_install/framework/utils/CFileHelper.php(63): copyDirectoryRecursive()
#2 /vagrant/yii_install/framework/web/CAssetManager.php(251): copyDirectory()
#3 /vagrant/yii_install/framework/gii/GiiModule.php(143): CAssetManager->publish()
#4 /vagrant/yii_install/framework/base/CComponent.php(111): GiiModule->getAssetsUrl()
#5 /vagrant/yii_install/framework/base/CModule.php(105): GiiModule->__get()
#6 /vagrant/yii_install/framework/gii/views/layouts/main.php(5): GiiModule->__get()
#7 /vagrant/yii_install/framework/web/CBaseController.php(126): require()
#8 /vagrant/yii_install/framework/web/CBaseController.php(95): DefaultController->renderInternal()
#9 /vagrant/yii_install/framework/web/widgets/CContentDecorator.php(76): DefaultController->renderFile()
#10 /vagrant/yii_install/framework/web/widgets/CContentDecorator.php(54): CContentDecorator->decorate()
#11 /vagrant/yii_install/framework/web/widgets/COutputProcessor.php(44): CContentDecorator->processOutput()
#12 /vagrant/yii_install/framework/web/CBaseController.php(206): CContentDecorator->run()
#13 /vagrant/yii_install/framework/web/CBaseController.php(300): DefaultController->endWidget()
#14 /vagrant/yii_install/framework/gii/views/layouts/column1.php(7): DefaultController->endContent()
#15 /vagrant/yii_install/framework/web/CBaseController.php(126): require()
#16 /vagrant/yii_install/framework/web/CBaseController.php(95): DefaultController->renderInternal()
#17 /vagrant/yii_install/framework/web/CController.php(784): DefaultController->renderFile()
#18 /vagrant/yii_install/framework/gii/controllers/DefaultController.php(17): DefaultController->render()
#19 /vagrant/yii_install/framework/web/actions/CInlineAction.php(49): DefaultController->actionIndex()
#20 /vagrant/yii_install/framework/web/CController.php(308): CInlineAction->runWithParams()
#21 /vagrant/yii_install/framework/web/CController.php(286): DefaultController->runAction()
#22 /vagrant/yii_install/framework/web/CController.php(265): DefaultController->runActionWithFilters()
#23 /vagrant/yii_install/framework/web/CWebApplication.php(282): DefaultController->run()
#24 /vagrant/yii_install/framework/web/CWebApplication.php(141): CWebApplication->runController()
#25 /vagrant/yii_install/framework/base/CApplication.php(180): CWebApplication->processRequest()
#26 /vagrant/yii/helloworld/index.php(13): CWebApplication->run()
REQUEST_URI=/yii/helloworld/index.php?r=gii
in /vagrant/yii/helloworld/index.php (13)
2013/11/12 18:24:18 [error] [exception.CHttpException.404] exception 'CHttpException' with message 'The system is unable to find the requested action "index".' in /vagrant/yii_install/framework/web/CController.php:483
Stack trace:
#0 /vagrant/yii_install/framework/web/CController.php(270): CController->missingAction('')
#1 /vagrant/yii_install/framework/web/CWebApplication.php(282): CController->run('')
#2 /vagrant/yii_install/framework/web/CWebApplication.php(141): CWebApplication->runController('message')
#3 /vagrant/yii_install/framework/base/CApplication.php(180): CWebApplication->processRequest()
#4 /vagrant/yii/helloworld/index.php(13): CApplication->run()
#5 {main}
REQUEST_URI=/yii/helloworld/index.php?r=message
HTTP_REFERER=http://localhost:4567/yii/helloworld/index.php?r=gii/controller/index
---
